<?xml version="1.0" encoding="UTF-8"?>
<!-- Generated by org.testng.reporters.JUnitReportReporter -->
<testsuite hostname="Rakeshs-MacBook-Air.local" failures="0" tests="1" name="Maven_first.Maven_first.NewTest" time="0.031" errors="0" timestamp="10 Dec 2019 16:02:16 GMT" skipped="0">
  <testcase classname="Maven_first.Maven_first.NewTest" name="f" time="0.031"/>
</testsuite> <!-- Maven_first.Maven_first.NewTest -->
